<?xml version="1.0" encoding="UTF-8"?>
<testng-results total="3" passed="1" failed="1" skipped="1">
  <reporter-output>
  </reporter-output>
  <suite started-at="2020-09-10T19:19:56Z" name="Default suite" finished-at="2020-09-10T19:20:21Z" duration-ms="24933">
    <groups>
    </groups>
    <test started-at="2020-09-10T19:19:56Z" name="Default test" finished-at="2020-09-10T19:20:21Z" duration-ms="24933">
      <class name="com.novafuture.testCases.ComputerHomePageTest">
        <test-method is-config="true" signature="setup()[pri:0, instance:com.novafuture.testCases.ComputerHomePageTest@5a45133e]" started-at="2020-09-10T20:19:56Z" name="setup" finished-at="2020-09-10T20:20:01Z" duration-ms="5708" status="PASS">
          <reporter-output>
          </reporter-output>
        </test-method> <!-- setup -->
        <test-method is-config="true" signature="testsetup()[pri:0, instance:com.novafuture.testCases.ComputerHomePageTest@5a45133e]" started-at="2020-09-10T20:20:01Z" name="testsetup" finished-at="2020-09-10T20:20:02Z" duration-ms="839" status="PASS">
          <reporter-output>
          </reporter-output>
        </test-method> <!-- testsetup -->
        <test-method signature="addANewComputerTest()[pri:0, instance:com.novafuture.testCases.ComputerHomePageTest@5a45133e]" started-at="2020-09-10T20:20:02Z" name="addANewComputerTest" finished-at="2020-09-10T20:20:09Z" duration-ms="6657" status="PASS">
          <reporter-output>
          </reporter-output>
        </test-method> <!-- addANewComputerTest -->
        <test-method is-config="true" signature="testsetup()[pri:0, instance:com.novafuture.testCases.ComputerHomePageTest@5a45133e]" started-at="2020-09-10T20:20:09Z" name="testsetup" finished-at="2020-09-10T20:20:09Z" duration-ms="382" status="PASS">
          <reporter-output>
          </reporter-output>
        </test-method> <!-- testsetup -->
        <test-method signature="checkNewComputerisPresentTest()[pri:0, instance:com.novafuture.testCases.ComputerHomePageTest@5a45133e]" started-at="2020-09-10T20:20:09Z" name="checkNewComputerisPresentTest" finished-at="2020-09-10T20:20:20Z" depends-on-methods="com.novafuture.testCases.ComputerHomePageTest.addANewComputerTest" duration-ms="10473" status="FAIL">
          <exception class="java.lang.IndexOutOfBoundsException">
            <message>
              <![CDATA[Index 10 out of bounds for length 10]]>
            </message>
            <full-stacktrace>
              <![CDATA[java.lang.IndexOutOfBoundsException: Index 10 out of bounds for length 10
	at java.base/jdk.internal.util.Preconditions.outOfBounds(Preconditions.java:64)
	at java.base/jdk.internal.util.Preconditions.outOfBoundsCheckIndex(Preconditions.java:70)
	at java.base/jdk.internal.util.Preconditions.checkIndex(Preconditions.java:248)
	at java.base/java.util.Objects.checkIndex(Objects.java:373)
	at java.base/java.util.ArrayList.get(ArrayList.java:426)
	at java.base/jdk.internal.reflect.NativeMethodAccessorImpl.invoke0(Native Method)
	at java.base/jdk.internal.reflect.NativeMethodAccessorImpl.invoke(NativeMethodAccessorImpl.java:62)
	at java.base/jdk.internal.reflect.DelegatingMethodAccessorImpl.invoke(DelegatingMethodAccessorImpl.java:43)
	at java.base/java.lang.reflect.Method.invoke(Method.java:564)
	at org.openqa.selenium.support.pagefactory.internal.LocatingElementListHandler.invoke(LocatingElementListHandler.java:39)
	at com.sun.proxy.$Proxy15.get(Unknown Source)
	at com.novafuture.pageObjects.ComputerHomePage.checkComputerNameIsPresent(ComputerHomePage.java:56)
	at com.novafuture.testCases.ComputerHomePageTest.checkNewComputerisPresentTest(ComputerHomePageTest.java:52)
	at java.base/jdk.internal.reflect.NativeMethodAccessorImpl.invoke0(Native Method)
	at java.base/jdk.internal.reflect.NativeMethodAccessorImpl.invoke(NativeMethodAccessorImpl.java:62)
	at java.base/jdk.internal.reflect.DelegatingMethodAccessorImpl.invoke(DelegatingMethodAccessorImpl.java:43)
	at java.base/java.lang.reflect.Method.invoke(Method.java:564)
	at org.testng.internal.MethodInvocationHelper.invokeMethod(MethodInvocationHelper.java:80)
	at org.testng.internal.Invoker.invokeMethod(Invoker.java:714)
	at org.testng.internal.Invoker.invokeTestMethod(Invoker.java:901)
	at org.testng.internal.Invoker.invokeTestMethods(Invoker.java:1231)
	at org.testng.internal.TestMethodWorker.invokeTestMethods(TestMethodWorker.java:127)
	at org.testng.internal.TestMethodWorker.run(TestMethodWorker.java:111)
	at org.testng.TestRunner.privateRun(TestRunner.java:767)
	at org.testng.TestRunner.run(TestRunner.java:617)
	at org.testng.SuiteRunner.runTest(SuiteRunner.java:334)
	at org.testng.SuiteRunner.runSequentially(SuiteRunner.java:329)
	at org.testng.SuiteRunner.privateRun(SuiteRunner.java:291)
	at org.testng.SuiteRunner.run(SuiteRunner.java:240)
	at org.testng.SuiteRunnerWorker.runSuite(SuiteRunnerWorker.java:52)
	at org.testng.SuiteRunnerWorker.run(SuiteRunnerWorker.java:86)
	at org.testng.TestNG.runSuitesSequentially(TestNG.java:1198)
	at org.testng.TestNG.runSuitesLocally(TestNG.java:1123)
	at org.testng.TestNG.run(TestNG.java:1031)
	at org.testng.remote.AbstractRemoteTestNG.run(AbstractRemoteTestNG.java:115)
	at org.testng.remote.RemoteTestNG.initAndRun(RemoteTestNG.java:251)
	at org.testng.remote.RemoteTestNG.main(RemoteTestNG.java:77)
]]>
            </full-stacktrace>
          </exception> <!-- java.lang.IndexOutOfBoundsException -->
          <reporter-output>
          </reporter-output>
        </test-method> <!-- checkNewComputerisPresentTest -->
        <test-method signature="editNewComputerEntry()[pri:0, instance:com.novafuture.testCases.ComputerHomePageTest@5a45133e]" started-at="2020-09-10T20:20:20Z" name="editNewComputerEntry" finished-at="2020-09-10T20:20:20Z" depends-on-methods="com.novafuture.testCases.ComputerHomePageTest.checkNewComputerisPresentTest" duration-ms="0" status="SKIP">
          <reporter-output>
          </reporter-output>
        </test-method> <!-- editNewComputerEntry -->
        <test-method is-config="true" signature="tearDown()[pri:0, instance:com.novafuture.testCases.ComputerHomePageTest@5a45133e]" started-at="2020-09-10T20:20:20Z" name="tearDown" finished-at="2020-09-10T20:20:21Z" duration-ms="828" status="PASS">
          <reporter-output>
          </reporter-output>
        </test-method> <!-- tearDown -->
      </class> <!-- com.novafuture.testCases.ComputerHomePageTest -->
    </test> <!-- Default test -->
  </suite> <!-- Default suite -->
</testng-results>
